<?xml version="1.0" encoding="UTF-8"?>
<!-- Generated by org.testng.reporters.JUnitReportReporter -->
<testsuite hostname="jeevansx-mobl" failures="0" tests="1" name="tests.BookedItinearyTest" time="13.787" errors="0" timestamp="2025-04-13T15:31:25 IST" skipped="0">
  <testcase classname="tests.BookedItinearyTest" name="TestBookedItineary" time="13.787"/>
</testsuite> <!-- tests.BookedItinearyTest -->
