<?xml version="1.0" encoding="UTF-8"?>
<!-- Generated by org.testng.reporters.JUnitReportReporter -->
<testsuite hostname="jeevansx-mobl" failures="0" tests="2" name="tests.LoginTest" time="11.335" errors="0" timestamp="2025-04-13T15:31:26 IST" skipped="0">
  <testcase classname="tests.LoginTest" name="testLoginWithInvalidCredentials" time="5.597"/>
  <testcase classname="tests.LoginTest" name="testLoginWithValidCredentials" time="5.738"/>
</testsuite> <!-- tests.LoginTest -->
