<?xml version="1.0" encoding="UTF-8"?>
<!-- Generated by org.testng.reporters.JUnitReportReporter -->
<testsuite hostname="jeevansx-mobl" failures="0" tests="1" name="tests.BookHotelTest" time="8.390" errors="0" timestamp="2025-04-13T15:31:26 IST" skipped="0">
  <testcase classname="tests.BookHotelTest" name="TestBookHotel" time="8.390"/>
</testsuite> <!-- tests.BookHotelTest -->
